[ Info: Defining presence of feature x86_64_xsavec.
[ Info: Defining presence of feature x86_64_mpx.
[ Info: Defining presence of feature x86_64_xsaves.
[ Info: Defining presence of feature x86_64_avx512vnni.
[ Info: Defining presence of feature x86_64_clwb.
[ Info: Defining presence of feature x86_64_avx512f.
[ Info: Defining presence of feature x86_64_pku.
[ Info: Defining presence of feature x86_64_avx512bw.
[ Info: Defining presence of feature x86_64_clflushopt.
[ Info: Defining presence of feature x86_64_avx512vl.
[ Info: Defining presence of feature x86_64_avx512cd.
[ Info: Defining presence of feature x86_64_avx512dq.
[ Info: Defining CPU name.
[ Info: Redefining attr count num_l1cache = 8.
[ Info: Redefining attr count num_l2cache = 8.
[ Info: Redefining attr count num_l3cache = 1.
[ Info: Redefining attr count num_cores = 8.
[ Info: Redefining attr count num_threads = 8.
[ Info: Redefining cache 2.
[ Info: Redefining cache 3.
ERROR: LoadError: IOError: mkdir: no such file or directory (ENOENT)
Stacktrace:
 [1] uv_error at ./libuv.jl:97 [inlined]
 [2] mkdir(::String; mode::UInt16) at ./file.jl:177
 [3] mkdir at ./file.jl:170 [inlined]
 [4] make_ss(::SubArray{Float64,1,Array{Float64,2},Tuple{Int64,Base.Slice{Base.OneTo{Int64}}},true}, ::Int64, ::String) at /gpfs/home/tharvey2/Basin_Simulations/write_out.jl:13
 [5] top-level scope at /gpfs/home/tharvey2/Basin_Simulations/Basin.jl:75
 [6] include(::Function, ::Module, ::String) at ./Base.jl:380
 [7] include(::Module, ::String) at ./Base.jl:368
 [8] exec_options(::Base.JLOptions) at ./client.jl:296
 [9] _start() at ./client.jl:506
in expression starting at /gpfs/home/tharvey2/Basin_Simulations/Basin.jl:15
