1;95;0cd_to_s = 0.0001
got grid in 3.914849 seconds
set-up io
Got Ã in 2.957466 seconds
Got boundary ops in 1.028472 seconds
Got quasi-dynamic ops in 1.698296 seconds
Got Λ and friends in 171.111259 seconds
Got operators
Got initial conditions
Approximately 0.011542 Gib to GPU
On cycle 1
Begining Inter-seismic period...
Interseismic period took 6121.653834832 seconds. 

Begining Co-sesimic period...
Coseismic period took 63.850633421 seconds. 

On cycle 2
Begining Inter-seismic period...
Interseismic period took 7623.890019734 seconds. 

Begining Co-sesimic period...
Coseismic period took 41.589055717 seconds. 

On cycle 3
Begining Inter-seismic period...
Interseismic period took 6919.458616815 seconds. 

Begining Co-sesimic period...
Coseismic period took 40.174081926 seconds. 

On cycle 4
Begining Inter-seismic period...
Interseismic period took 7999.21581104 seconds. 

Begining Co-sesimic period...
Coseismic period took 42.118227532 seconds. 

On cycle 5
Begining Inter-seismic period...
Interseismic period took 7440.714785509 seconds. 

Begining Co-sesimic period...
Coseismic period took 43.964787776 seconds. 

On cycle 6
Begining Inter-seismic period...
Interseismic period took 7104.657399928 seconds. 

Begining Co-sesimic period...
Coseismic period took 44.487300824 seconds. 

On cycle 7
Begining Inter-seismic period...
Interseismic period took 7397.118390237 seconds. 

Begining Co-sesimic period...
Coseismic period took 39.93127008 seconds. 

On cycle 8
Begining Inter-seismic period...
Interseismic period took 8544.565304801 seconds. 

Begining Co-sesimic period...
Coseismic period took 47.579452486 seconds. 

On cycle 9
Begining Inter-seismic period...
Interseismic period took 8040.127365254 seconds. 

Begining Co-sesimic period...
Coseismic period took 44.687374024 seconds. 

On cycle 10
Begining Inter-seismic period...
Interseismic period took 7739.529637605 seconds. 

Begining Co-sesimic period...
Coseismic period took 52.120678091 seconds. 

On cycle 11
Begining Inter-seismic period...
Interseismic period took 8042.887453137 seconds. 

Begining Co-sesimic period...
Coseismic period took 42.093993903 seconds. 

On cycle 12
Begining Inter-seismic period...
