got grid in 4.227519 seconds
set-up io
Got operators in 220.552700 seconds
Got initial conditions
Approximately 0.011552 Gib to GPU

On cycle 1
Begining Inter-seismic period...
Finished Interseismic
Interseismic period took 2847.009827561 seconds. 
Simulation time is now 125.93948402909926 years. 

Begining Co-seismic period...
Finised Co-seismic period
Coseismic period took 7796.099619902 seconds. 
Simulation time is now 125.93948586508907 years. 

On cycle 2
Begining Inter-seismic period...
Finished Interseismic
Interseismic period took 3406.28896863 seconds. 
Simulation time is now 242.28868295738326 years. 

Begining Co-seismic period...
Finised Co-seismic period
Coseismic period took 7979.956830998 seconds. 
Simulation time is now 242.28868484081607 years. 

On cycle 3
Begining Inter-seismic period...
Finished Interseismic
Interseismic period took 3884.950186801 seconds. 
Simulation time is now 361.60418337884266 years. 

Begining Co-seismic period...
Finised Co-seismic period
Coseismic period took 8287.71886997 seconds. 
Simulation time is now 361.6041853107201 years. 

On cycle 4
Begining Inter-seismic period...
Finished Interseismic
Interseismic period took 3208.116481985 seconds. 
Simulation time is now 473.88496970924336 years. 

Begining Co-seismic period...
Finised Co-seismic period
Coseismic period took 8686.562451275 seconds. 
Simulation time is now 473.88497180541117 years. 

On cycle 5
Begining Inter-seismic period...
Finished Interseismic
Interseismic period took 3316.678305025 seconds. 
Simulation time is now 587.714800410326 years. 

Begining Co-seismic period...
Finised Co-seismic period
Coseismic period took 9014.527735305 seconds. 
Simulation time is now 587.7148025657056 years. 

On cycle 6
Begining Inter-seismic period...
Finished Interseismic
Interseismic period took 3392.576885248 seconds. 
Simulation time is now 697.1993086170107 years. 

Begining Co-seismic period...
Finised Co-seismic period
Coseismic period took 9758.839391191 seconds. 
Simulation time is now 697.199310944325 years. 

On cycle 7
Begining Inter-seismic period...
Finished Interseismic
Interseismic period took 3080.646465023 seconds. 
Simulation time is now 802.7201724735396 years. 

Begining Co-seismic period...
Finised Co-seismic period
Coseismic period took 9810.675271819 seconds. 
Simulation time is now 802.7201748601688 years. 

On cycle 8
Begining Inter-seismic period...
Finished Interseismic
Interseismic period took 3159.882539018 seconds. 
Simulation time is now 908.6141124371593 years. 

Begining Co-seismic period...
Finised Co-seismic period
Coseismic period took 11724.561598424 seconds. 
Simulation time is now 908.6141152586703 years. 

On cycle 9
Begining Inter-seismic period...
Finished Interseismic
Interseismic period took 3366.702676657 seconds. 
Simulation time is now 1018.3954952897569 years. 

Begining Co-seismic period...
Finised Co-seismic period
Coseismic period took 10845.255242236 seconds. 
Simulation time is now 1018.3954978722118 years. 

On cycle 10
Begining Inter-seismic period...
Finished Interseismic
Interseismic period took 3889.20948391 seconds. 
Simulation time is now 1140.7841243991431 years. 

Begining Co-seismic period...
Finised Co-seismic period
Coseismic period took 9719.833513034 seconds. 
Simulation time is now 1140.7841267180763 years. 

On cycle 11
Begining Inter-seismic period...
Finished Interseismic
Interseismic period took 3303.407131061 seconds. 
Simulation time is now 1247.8111317217554 years. 

Begining Co-seismic period...
Finised Co-seismic period
Coseismic period took 10965.89207647 seconds. 
Simulation time is now 1247.811134306405 years. 

On cycle 12
Begining Inter-seismic period...
Broke out of Integrator early
Restarting...
Finished Interseismic
Interseismic period took 5168.035863521 seconds. 
Simulation time is now 1378.8976164267406 years. 

Begining Co-seismic period...
Finised Co-seismic period
Coseismic period took 9801.44749396 seconds. 
Simulation time is now 1378.8976187493856 years. 

On cycle 13
Begining Inter-seismic period...
Finished Interseismic
Interseismic period took 3112.119086563 seconds. 
Simulation time is now 1480.4212673271213 years. 

Begining Co-seismic period...
Finised Co-seismic period
Coseismic period took 15695.856010482 seconds. 
Simulation time is now 1480.4212712275373 years. 

On cycle 14
Begining Inter-seismic period...
Finished Interseismic
Interseismic period took 4117.140210749 seconds. 
Simulation time is now 1590.4427253739964 years. 

Begining Co-seismic period...
Finised Co-seismic period
Coseismic period took 11285.851565223 seconds. 
Simulation time is now 1590.442728093846 years. 

On cycle 15
Begining Inter-seismic period...
Finished Interseismic
Interseismic period took 5097.23323848 seconds. 
Simulation time is now 1717.573570784349 years. 

Begining Co-seismic period...
Finised Co-seismic period
Coseismic period took 10070.364882954 seconds. 
Simulation time is now 1717.5735732406476 years. 

On cycle 16
Begining Inter-seismic period...
Finished Interseismic
Interseismic period took 3081.20034069 seconds. 
Simulation time is now 1817.627252292925 years. 

Begining Co-seismic period...
Finised Co-seismic period
Coseismic period took 8994.969454713 seconds. 
Simulation time is now 1817.627254610798 years. 

On cycle 17
Begining Inter-seismic period...
Finished Interseismic
Interseismic period took 3007.40632341 seconds. 
Simulation time is now 1921.8256916714975 years. 

Begining Co-seismic period...
Finised Co-seismic period
Coseismic period took 11513.013572952 seconds. 
Simulation time is now 1921.8256946348515 years. 

On cycle 18
Begining Inter-seismic period...
Finished Interseismic
Interseismic period took 3446.239974374 seconds. 
Simulation time is now 2031.537593111582 years. 

Begining Co-seismic period...
Finised Co-seismic period
Coseismic period took 11184.540819354 seconds. 
Simulation time is now 2031.5375958367342 years. 

On cycle 19
Begining Inter-seismic period...
Finished Interseismic
Interseismic period took 4233.705909605 seconds. 
Simulation time is now 2154.384475392275 years. 

Begining Co-seismic period...
Finised Co-seismic period
Coseismic period took 9081.554527876 seconds. 
Simulation time is now 2154.38447768826 years. 

On cycle 20
Begining Inter-seismic period...
Finished Interseismic
Interseismic period took 3210.833999017 seconds. 
Simulation time is now 2262.5614343024604 years. 

Begining Co-seismic period...
Finised Co-seismic period
Coseismic period took 10080.680883995 seconds. 
Simulation time is now 2262.5614368883175 years. 

On cycle 21
Begining Inter-seismic period...
Finished Interseismic
Interseismic period took 3870.492058694 seconds. 
Simulation time is now 2385.119919451299 years. 

Begining Co-seismic period...
Finised Co-seismic period
Coseismic period took 8992.202329029 seconds. 
Simulation time is now 2385.1199219466007 years. 

On cycle 22
Begining Inter-seismic period...
Finished Interseismic
Interseismic period took 2910.066797252 seconds. 
Simulation time is now 2489.1472947305597 years. 

Begining Co-seismic period...
Finised Co-seismic period
Coseismic period took 8615.024214409 seconds. 
Simulation time is now 2489.147297232475 years. 

On cycle 23
Begining Inter-seismic period...
Broke out of Integrator early
Restarting...
Finished Interseismic
Interseismic period took 4319.836914827 seconds. 
Simulation time is now 2615.6706954627575 years. 

Begining Co-seismic period...
Finised Co-seismic period
Coseismic period took 10155.492594047 seconds. 
Simulation time is now 2615.67069807445 years. 

On cycle 24
Begining Inter-seismic period...
Finished Interseismic
Interseismic period took 2773.098091286 seconds. 
Simulation time is now 2705.4136337838618 years. 

Begining Co-seismic period...
Finised Co-seismic period
Coseismic period took 8477.669379566 seconds. 
Simulation time is now 2705.413636112148 years. 

On cycle 25
Begining Inter-seismic period...
Finished Interseismic
Interseismic period took 2978.373113002 seconds. 
Simulation time is now 2807.6389254968312 years. 

Begining Co-seismic period...
Finised Co-seismic period
Coseismic period took 8198.69005866 seconds. 
Simulation time is now 2807.63892783179 years. 

On cycle 26
Begining Inter-seismic period...
Finished Interseismic
Interseismic period took 2966.69134944 seconds. 
Simulation time is now 2909.758130860261 years. 

Begining Co-seismic period...
Finised Co-seismic period
Coseismic period took 9283.138239332 seconds. 
Simulation time is now 2909.758133440374 years. 

On cycle 27
Begining Inter-seismic period...
Finished Interseismic
Interseismic period took 3139.786253553 seconds. 
Simulation time is now 3021.7768292581954 years. 

Begining Co-seismic period...
Finised Co-seismic period
Coseismic period took 10169.822457428 seconds. 
Simulation time is now 3021.7768320949954 years. 

On cycle 28
Begining Inter-seismic period...
Finished Interseismic
Interseismic period took 3835.06175065 seconds. 
Simulation time is now 3143.058171018915 years. 

Begining Co-seismic period...
Finised Co-seismic period
Coseismic period took 8870.555340911 seconds. 
Simulation time is now 3143.05817326647 years. 

On cycle 29
Begining Inter-seismic period...
Finished Interseismic
Interseismic period took 3458.903391516 seconds. 
Simulation time is now 3258.133391386027 years. 

Begining Co-seismic period...
Finised Co-seismic period
Coseismic period took 10941.616018989 seconds. 
Simulation time is now 3258.133394167401 years. 

On cycle 30
Begining Inter-seismic period...
Finished Interseismic
Interseismic period took 5034.654750815 seconds. 
Simulation time is now 3391.0857002151683 years. 

Begining Co-seismic period...
Finised Co-seismic period
Coseismic period took 9761.675560501 seconds. 
Simulation time is now 3391.085702601135 years. 

On cycle 31
Begining Inter-seismic period...
Finished Interseismic
Interseismic period took 2924.180264419 seconds. 
Simulation time is now 3488.978734106719 years. 

Begining Co-seismic period...
Finised Co-seismic period
Coseismic period took 12586.836706617 seconds. 
Simulation time is now 3488.9787372193987 years. 

On cycle 32
Begining Inter-seismic period...
Finished Interseismic
Interseismic period took 3408.371814838 seconds. 
Simulation time is now 3601.1467517278634 years. 

Begining Co-seismic period...
Finised Co-seismic period
Coseismic period took 11698.813067919 seconds. 
Simulation time is now 3601.1467546370136 years. 

On cycle 33
Begining Inter-seismic period...
Finished Interseismic
Interseismic period took 3811.340518587 seconds. 
Simulation time is now 3723.2022547849165 years. 

Begining Co-seismic period...
Finised Co-seismic period
Coseismic period took 9249.056549009 seconds. 
Simulation time is now 3723.202257036935 years. 

On cycle 34
Begining Inter-seismic period...
Finished Interseismic
Interseismic period took 3233.865376633 seconds. 
Simulation time is now 3832.6062515991234 years. 

Begining Co-seismic period...
Finised Co-seismic period
Coseismic period took 10849.153029812 seconds. 
Simulation time is now 3832.606254313538 years. 

On cycle 35
Begining Inter-seismic period...
Finished Interseismic
Interseismic period took 4553.395767139 seconds. 
Simulation time is now 3959.7350235235413 years. 

Begining Co-seismic period...
Finised Co-seismic period
Coseismic period took 10926.733211131 seconds. 
Simulation time is now 3959.7350262093373 years. 

On cycle 36
Begining Inter-seismic period...
Finished Interseismic
Interseismic period took 2999.321368629 seconds. 
Simulation time is now 4061.205403189184 years. 

Begining Co-seismic period...
Finised Co-seismic period
Coseismic period took 9737.026147612 seconds. 
Simulation time is now 4061.2054056699035 years. 

On cycle 37
Begining Inter-seismic period...
Finished Interseismic
Interseismic period took 3132.580508014 seconds. 
Simulation time is now 4168.841403073333 years. 

Begining Co-seismic period...
Finised Co-seismic period
Coseismic period took 9573.164863282 seconds. 
Simulation time is now 4168.84140554956 years. 

On cycle 38
Begining Inter-seismic period...
Finished Interseismic
Interseismic period took 3661.265374404 seconds. 
Simulation time is now 4282.678813211975 years. 

Begining Co-seismic period...
Finised Co-seismic period
Coseismic period took 11079.178492312 seconds. 
Simulation time is now 4282.6788159903135 years. 

On cycle 39
Begining Inter-seismic period...
Finished Interseismic
Interseismic period took 3474.428746467 seconds. 
Simulation time is now 4402.431035102001 years. 

Begining Co-seismic period...
Finised Co-seismic period
Coseismic period took 8767.822625871 seconds. 
Simulation time is now 4402.431037320923 years. 

On cycle 40
Begining Inter-seismic period...
Finished Interseismic
Interseismic period took 3240.43173704 seconds. 
Simulation time is now 4514.024971509021 years. 

Begining Co-seismic period...
