got grid in 3.703985 seconds
set-up io
Got operators in 76.683697 seconds
Got initial conditions
Approximately 0.005143 Gib to GPU

On cycle 1
Begining Inter-seismic period...
Finished Interseismic
Interseismic period took 780.156813587 seconds. 
Simulation time is now 125.94747754874463 years. 

Begining Co-seismic period...
Finised Co-seismic period
Coseismic period took 2296.848811464 seconds. 
Simulation time is now 125.94747935333162 years. 

On cycle 2
Begining Inter-seismic period...
Finished Interseismic
Interseismic period took 987.399029238 seconds. 
Simulation time is now 245.4522734882445 years. 

Begining Co-seismic period...
Finised Co-seismic period
Coseismic period took 2218.3860741 seconds. 
Simulation time is now 245.45227536035048 years. 

On cycle 3
Begining Inter-seismic period...
Finished Interseismic
Interseismic period took 884.826270565 seconds. 
Simulation time is now 359.7706310489533 years. 

Begining Co-seismic period...
Finised Co-seismic period
Coseismic period took 2126.893781758 seconds. 
Simulation time is now 359.77063283809656 years. 

On cycle 4
Begining Inter-seismic period...
Finished Interseismic
Interseismic period took 916.193801941 seconds. 
Simulation time is now 475.34540505076063 years. 

Begining Co-seismic period...
Finised Co-seismic period
Coseismic period took 2512.315793441 seconds. 
Simulation time is now 475.34540718098987 years. 

On cycle 5
Begining Inter-seismic period...
Finished Interseismic
Interseismic period took 968.13770173 seconds. 
Simulation time is now 590.2040669608018 years. 

Begining Co-seismic period...
Finised Co-seismic period
Coseismic period took 2408.995130056 seconds. 
Simulation time is now 590.2040690021693 years. 

On cycle 6
Begining Inter-seismic period...
Finished Interseismic
Interseismic period took 904.574574859 seconds. 
Simulation time is now 699.4885902969435 years. 

Begining Co-seismic period...
Finised Co-seismic period
Coseismic period took 2482.290699909 seconds. 
Simulation time is now 699.4885924273715 years. 

On cycle 7
Begining Inter-seismic period...
Finished Interseismic
Interseismic period took 831.608590002 seconds. 
Simulation time is now 804.6338552285656 years. 

Begining Co-seismic period...
Finised Co-seismic period
Coseismic period took 2611.965027342 seconds. 
Simulation time is now 804.6338575090114 years. 

On cycle 8
Begining Inter-seismic period...
Finished Interseismic
Interseismic period took 836.105551635 seconds. 
Simulation time is now 909.6742491547344 years. 

Begining Co-seismic period...
Finised Co-seismic period
Coseismic period took 3314.178149359 seconds. 
Simulation time is now 909.6742520285566 years. 

On cycle 9
Begining Inter-seismic period...
Finished Interseismic
Interseismic period took 811.701843232 seconds. 
Simulation time is now 1010.2443468281618 years. 

Begining Co-seismic period...
Finised Co-seismic period
Coseismic period took 2935.437585461 seconds. 
Simulation time is now 1010.244349374309 years. 

On cycle 10
Begining Inter-seismic period...
Finished Interseismic
Interseismic period took 935.861378521 seconds. 
Simulation time is now 1114.5398440757835 years. 

Begining Co-seismic period...
Finised Co-seismic period
Coseismic period took 2628.197402815 seconds. 
Simulation time is now 1114.5398463637853 years. 

On cycle 11
Begining Inter-seismic period...
Finished Interseismic
Interseismic period took 883.598419753 seconds. 
Simulation time is now 1225.6843752857133 years. 

Begining Co-seismic period...
Finised Co-seismic period
Coseismic period took 3001.369167014 seconds. 
Simulation time is now 1225.68437791743 years. 

On cycle 12
Begining Inter-seismic period...
Finished Interseismic
Interseismic period took 1018.515506394 seconds. 
Simulation time is now 1347.302547816861 years. 

Begining Co-seismic period...
Finised Co-seismic period
Coseismic period took 2867.999073089 seconds. 
Simulation time is now 1347.3025501743039 years. 

On cycle 13
Begining Inter-seismic period...
Finished Interseismic
Interseismic period took 948.637840511 seconds. 
Simulation time is now 1458.7202607525792 years. 

Begining Co-seismic period...
Finised Co-seismic period
Coseismic period took 3219.887496084 seconds. 
Simulation time is now 1458.720263449849 years. 

On cycle 14
Begining Inter-seismic period...
Finished Interseismic
Interseismic period took 1171.968892091 seconds. 
Simulation time is now 1582.1524551046648 years. 

Begining Co-seismic period...
Finised Co-seismic period
Coseismic period took 2934.90946018 seconds. 
Simulation time is now 1582.1524575510136 years. 

On cycle 15
Begining Inter-seismic period...
Finished Interseismic
Interseismic period took 960.376109769 seconds. 
Simulation time is now 1690.7270017870746 years. 

Begining Co-seismic period...
Finised Co-seismic period
Coseismic period took 3255.465656504 seconds. 
Simulation time is now 1690.7270044954573 years. 

On cycle 16
Begining Inter-seismic period...
Finished Interseismic
Interseismic period took 1119.182004816 seconds. 
Simulation time is now 1816.1400570660849 years. 

Begining Co-seismic period...
Finised Co-seismic period
Coseismic period took 2832.499469739 seconds. 
Simulation time is now 1816.140059444694 years. 

On cycle 17
Begining Inter-seismic period...
Finished Interseismic
Interseismic period took 958.071773113 seconds. 
Simulation time is now 1920.937749169944 years. 

Begining Co-seismic period...
Finised Co-seismic period
Coseismic period took 2992.563005988 seconds. 
Simulation time is now 1920.9377516481525 years. 

On cycle 18
Begining Inter-seismic period...
Finished Interseismic
Interseismic period took 1522.039963441 seconds. 
Simulation time is now 2052.6475274470677 years. 

Begining Co-seismic period...
Finised Co-seismic period
Coseismic period took 2746.310101911 seconds. 
Simulation time is now 2052.6475297313136 years. 

On cycle 19
Begining Inter-seismic period...
Finished Interseismic
Interseismic period took 1026.571245716 seconds. 
Simulation time is now 2171.3421962869766 years. 

Begining Co-seismic period...
Finised Co-seismic period
Coseismic period took 2812.743597969 seconds. 
Simulation time is now 2171.3421986706894 years. 

On cycle 20
Begining Inter-seismic period...
Finished Interseismic
Interseismic period took 833.367574525 seconds. 
Simulation time is now 2272.6174520045115 years. 

Begining Co-seismic period...
Finised Co-seismic period
Coseismic period took 2704.292510018 seconds. 
Simulation time is now 2272.61745423381 years. 

On cycle 21
Begining Inter-seismic period...
Finished Interseismic
Interseismic period took 1069.338353532 seconds. 
Simulation time is now 2385.936335821736 years. 

Begining Co-seismic period...
Finised Co-seismic period
Coseismic period took 3188.344974552 seconds. 
Simulation time is now 2385.9363385283073 years. 

On cycle 22
Begining Inter-seismic period...
Finished Interseismic
Interseismic period took 1080.680906444 seconds. 
Simulation time is now 2506.78893578694 years. 

Begining Co-seismic period...
Finised Co-seismic period
Coseismic period took 2411.550103617 seconds. 
Simulation time is now 2506.7889378456066 years. 

On cycle 23
Begining Inter-seismic period...
Finished Interseismic
Interseismic period took 849.845007786 seconds. 
Simulation time is now 2615.889240921153 years. 

Begining Co-seismic period...
Finised Co-seismic period
Coseismic period took 3154.454638954 seconds. 
Simulation time is now 2615.889243616854 years. 

On cycle 24
Begining Inter-seismic period...
Finished Interseismic
Interseismic period took 1300.794663664 seconds. 
Simulation time is now 2742.281916534325 years. 

Begining Co-seismic period...
Finised Co-seismic period
Coseismic period took 3205.115042699 seconds. 
Simulation time is now 2742.281919271474 years. 

On cycle 25
Begining Inter-seismic period...
Finished Interseismic
Interseismic period took 831.359305125 seconds. 
Simulation time is now 2840.9940284910067 years. 

Begining Co-seismic period...
Finised Co-seismic period
Coseismic period took 2905.533149505 seconds. 
Simulation time is now 2840.9940309761305 years. 

On cycle 26
Begining Inter-seismic period...
Finished Interseismic
Interseismic period took 883.532143018 seconds. 
Simulation time is now 2945.770292952105 years. 

Begining Co-seismic period...
Finised Co-seismic period
Coseismic period took 2622.312837058 seconds. 
Simulation time is now 2945.7702952092195 years. 

On cycle 27
Begining Inter-seismic period...
Finished Interseismic
Interseismic period took 926.506087585 seconds. 
Simulation time is now 3057.508162352173 years. 

Begining Co-seismic period...
Finised Co-seismic period
Coseismic period took 3247.929833172 seconds. 
Simulation time is now 3057.5081650600473 years. 

On cycle 28
Begining Inter-seismic period...
Finished Interseismic
Interseismic period took 1131.589844574 seconds. 
Simulation time is now 3180.677075733683 years. 

Begining Co-seismic period...
Finised Co-seismic period
Coseismic period took 2729.620931274 seconds. 
Simulation time is now 3180.6770780803445 years. 

On cycle 29
Begining Inter-seismic period...
Finished Interseismic
Interseismic period took 889.718463589 seconds. 
Simulation time is now 3289.9508510754677 years. 

Begining Co-seismic period...
Finised Co-seismic period
Coseismic period took 3153.646374145 seconds. 
Simulation time is now 3289.950853772251 years. 

On cycle 30
Begining Inter-seismic period...
Finished Interseismic
Interseismic period took 1069.700459019 seconds. 
Simulation time is now 3412.361883318871 years. 

Begining Co-seismic period...
Finised Co-seismic period
Coseismic period took 2810.434227891 seconds. 
Simulation time is now 3412.361885666748 years. 

On cycle 31
Begining Inter-seismic period...
Finished Interseismic
Interseismic period took 912.900011035 seconds. 
Simulation time is now 3522.6288539389025 years. 

Begining Co-seismic period...
Finised Co-seismic period
Coseismic period took 3145.148683501 seconds. 
Simulation time is now 3522.62885663151 years. 

On cycle 32
Begining Inter-seismic period...
Finished Interseismic
Interseismic period took 1132.432052443 seconds. 
Simulation time is now 3648.4325634555453 years. 

Begining Co-seismic period...
Finised Co-seismic period
Coseismic period took 2633.212607911 seconds. 
Simulation time is now 3648.4325656979454 years. 

On cycle 33
Begining Inter-seismic period...
Finished Interseismic
Interseismic period took 842.266376645 seconds. 
Simulation time is now 3748.3315510954444 years. 

Begining Co-seismic period...
Finised Co-seismic period
Coseismic period took 2942.186633219 seconds. 
Simulation time is now 3748.33155355463 years. 

On cycle 34
Begining Inter-seismic period...
Finished Interseismic
Interseismic period took 1427.64742832 seconds. 
Simulation time is now 3875.9418278515805 years. 

Begining Co-seismic period...
Finised Co-seismic period
Coseismic period took 2756.752445558 seconds. 
Simulation time is now 3875.941830213508 years. 

On cycle 35
Begining Inter-seismic period...
Finished Interseismic
Interseismic period took 845.756796803 seconds. 
Simulation time is now 3977.6383786975402 years. 

Begining Co-seismic period...
Finised Co-seismic period
Coseismic period took 2764.64577761 seconds. 
Simulation time is now 3977.6383810650364 years. 

On cycle 36
Begining Inter-seismic period...
Finished Interseismic
Interseismic period took 1081.002974664 seconds. 
Simulation time is now 4092.084184551444 years. 

Begining Co-seismic period...
Finised Co-seismic period
Coseismic period took 3272.784027406 seconds. 
Simulation time is now 4092.0841873415525 years. 

On cycle 37
Begining Inter-seismic period...
Finished Interseismic
Interseismic period took 1261.074149263 seconds. 
Simulation time is now 4218.5655494704815 years. 

Begining Co-seismic period...
Finised Co-seismic period
Coseismic period took 2875.240573899 seconds. 
Simulation time is now 4218.565551893278 years. 

On cycle 38
Begining Inter-seismic period...
Finished Interseismic
Interseismic period took 893.398627699 seconds. 
Simulation time is now 4326.631860333885 years. 

Begining Co-seismic period...
Finised Co-seismic period
Coseismic period took 3147.675958867 seconds. 
Simulation time is now 4326.631863027951 years. 

On cycle 39
Begining Inter-seismic period...
Finished Interseismic
Interseismic period took 1106.48012754 seconds. 
Simulation time is now 4450.718784289347 years. 

Begining Co-seismic period...
Finised Co-seismic period
Coseismic period took 3110.573383917 seconds. 
Simulation time is now 4450.718786962491 years. 

On cycle 40
Begining Inter-seismic period...
Finished Interseismic
Interseismic period took 994.324132567 seconds. 
Simulation time is now 4561.678775871841 years. 

Begining Co-seismic period...
Finised Co-seismic period
Coseismic period took 3012.879683507 seconds. 
Simulation time is now 4561.678778430515 years. 

On cycle 41
Begining Inter-seismic period...
Finished Interseismic
Interseismic period took 1398.691049415 seconds. 
Simulation time is now 4691.493772838204 years. 

Begining Co-seismic period...
Finised Co-seismic period
Coseismic period took 2697.478724543 seconds. 
Simulation time is now 4691.493775142246 years. 

On cycle 42
Begining Inter-seismic period...
Finished Interseismic
Interseismic period took 827.154758458 seconds. 
Simulation time is now 4791.047114078504 years. 

Begining Co-seismic period...
Finised Co-seismic period
Coseismic period took 2839.384278449 seconds. 
Simulation time is now 4791.047116513098 years. 

On cycle 43
Begining Inter-seismic period...
Finished Interseismic
Interseismic period took 840.281413796 seconds. 
Simulation time is now 4896.909011219781 years. 

Begining Co-seismic period...
Finised Co-seismic period
Coseismic period took 2673.160647136 seconds. 
Simulation time is now 4896.909013471946 years. 

On cycle 44
Begining Inter-seismic period...
Finished Interseismic
Simulation time is now 5000.0 year. 

