ERROR: LoadError: InitError: Exception[GLFW.GLFWError(GLFW.PLATFORM_ERROR, "X11: The DISPLAY environment variable is missing"), ErrorException("glfwInit failed")]
Stacktrace:
 [1] __init__() at /home/tharvey2/.julia/packages/GLFW/BWxfF/src/GLFW.jl:35
 [2] _include_from_serialized(::String, ::Array{Any,1}) at ./loading.jl:697
 [3] _require_search_from_serialized(::Base.PkgId, ::String) at ./loading.jl:782
 [4] _tryrequire_from_serialized(::Base.PkgId, ::UInt64, ::String) at ./loading.jl:712
 [5] _require_search_from_serialized(::Base.PkgId, ::String) at ./loading.jl:771
 [6] _require(::Base.PkgId) at ./loading.jl:1007
 [7] require(::Base.PkgId) at ./loading.jl:928
 [8] require(::Module, ::Symbol) at ./loading.jl:923
 [9] include(::Function, ::Module, ::String) at ./Base.jl:380
 [10] include(::Module, ::String) at ./Base.jl:368
 [11] top-level scope at none:2
 [12] eval at ./boot.jl:331 [inlined]
 [13] eval(::Expr) at ./client.jl:467
 [14] top-level scope at ./none:3
during initialization of module GLFW
in expression starting at /home/tharvey2/.julia/packages/SEASCyclePlots/Yb0ti/src/SEASCyclePlots.jl:6
ERROR: LoadError: Failed to precompile SEASCyclePlots [9a5ea4f9-c5bb-4cba-b248-e7156d3fb9da] to /home/tharvey2/.julia/compiled/v1.5/SEASCyclePlots/PiliI_DyS1N.ji.
Stacktrace:
 [1] error(::String) at ./error.jl:33
 [2] compilecache(::Base.PkgId, ::String) at ./loading.jl:1305
 [3] _require(::Base.PkgId) at ./loading.jl:1030
 [4] require(::Base.PkgId) at ./loading.jl:928
 [5] require(::Module, ::Symbol) at ./loading.jl:923
 [6] include(::Function, ::Module, ::String) at ./Base.jl:380
 [7] include(::Module, ::String) at ./Base.jl:368
 [8] exec_options(::Base.JLOptions) at ./client.jl:296
 [9] _start() at ./client.jl:506
in expression starting at /home/tharvey2/Basin_Simulations/Basin.jl:14
