got grid in 4.281577 seconds
set-up io
Got operators in 348.149377 seconds
Got initial conditions
Approximately 0.015717 Gib to GPU

On cycle 1
Begining Inter-seismic period...
Finished Interseismic
Interseismic period took 4700.935621879 seconds. 
Simulation time is now 125.94599867609527 years. 

Begining Co-seismic period...
Finised Co-seismic period
Coseismic period took 107439.623757128 seconds. 
Simulation time is now 125.94601495427494 years. 

On cycle 2
Begining Inter-seismic period...
Finished Interseismic
Interseismic period took 5722.885249674 seconds. 
Simulation time is now 243.99807505666598 years. 

Begining Co-seismic period...
Finised Co-seismic period
Coseismic period took 106525.757915023 seconds. 
Simulation time is now 243.99809132949258 years. 

On cycle 3
Begining Inter-seismic period...
Finished Interseismic
Interseismic period took 6148.593815879 seconds. 
Simulation time is now 361.0939070825984 years. 

Begining Co-seismic period...
Finised Co-seismic period
Coseismic period took 110199.256461286 seconds. 
Simulation time is now 361.09392344760084 years. 

On cycle 4
Begining Inter-seismic period...
Finished Interseismic
Interseismic period took 6038.42571137 seconds. 
Simulation time is now 479.3578487482801 years. 

Begining Co-seismic period...
