got grid in 4.289747 seconds
set-up io
Got operators in 340.498990 seconds
Got initial conditions
Approximately 0.015717 Gib to GPU

On cycle 1
Begining Inter-seismic period...
Finished Interseismic
Interseismic period took 4504.690455385 seconds. 
Simulation time is now 125.94599867609527 years. 

Begining Co-seismic period...
Finised Co-seismic period
Coseismic period took 12159.609576693 seconds. 
Simulation time is now 125.9460005355951 years. 

On cycle 2
Begining Inter-seismic period...
Finished Interseismic
Interseismic period took 5234.072385697 seconds. 
Simulation time is now 241.33635808928244 years. 

Begining Co-seismic period...
Finised Co-seismic period
Coseismic period took 12584.251192272 seconds. 
Simulation time is now 241.33635998639244 years. 

On cycle 3
Begining Inter-seismic period...
Finished Interseismic
Interseismic period took 5317.565767816 seconds. 
Simulation time is now 357.7297191034637 years. 

Begining Co-seismic period...
Finised Co-seismic period
Coseismic period took 12773.286451766 seconds. 
Simulation time is now 357.7297210249654 years. 

On cycle 4
Begining Inter-seismic period...
Finished Interseismic
Interseismic period took 6260.082932052 seconds. 
Simulation time is now 477.84680000005386 years. 

Begining Co-seismic period...
Finised Co-seismic period
Coseismic period took 13212.984488085 seconds. 
Simulation time is now 477.8468019872439 years. 

On cycle 5
Begining Inter-seismic period...
Finished Interseismic
Interseismic period took 5851.207960172 seconds. 
Simulation time is now 591.8833552683552 years. 

Begining Co-seismic period...
Finised Co-seismic period
Coseismic period took 15167.112174438 seconds. 
Simulation time is now 591.8833575492049 years. 

On cycle 6
Begining Inter-seismic period...
Finished Interseismic
Interseismic period took 5381.111122994 seconds. 
Simulation time is now 700.6191489525168 years. 

Begining Co-seismic period...
Finised Co-seismic period
Coseismic period took 14995.556552138 seconds. 
Simulation time is now 700.6191512404996 years. 

On cycle 7
Begining Inter-seismic period...
Finished Interseismic
Interseismic period took 5261.827016993 seconds. 
Simulation time is now 808.7762684779261 years. 

Begining Co-seismic period...
Finised Co-seismic period
Coseismic period took 16607.597651635 seconds. 
Simulation time is now 808.7762709625323 years. 

On cycle 8
Begining Inter-seismic period...
Finished Interseismic
Interseismic period took 5299.212037877 seconds. 
Simulation time is now 911.2754390437091 years. 

Begining Co-seismic period...
Finised Co-seismic period
Coseismic period took 15885.237217439 seconds. 
Simulation time is now 911.2754413970395 years. 

On cycle 9
Begining Inter-seismic period...
Finished Interseismic
Interseismic period took 5240.289809246 seconds. 
Simulation time is now 1022.2840575415088 years. 

Begining Co-seismic period...
Finised Co-seismic period
Coseismic period took 18030.948484731 seconds. 
Simulation time is now 1022.2840602749934 years. 

On cycle 10
Begining Inter-seismic period...
Finished Interseismic
Interseismic period took 7776.901002365 seconds. 
Simulation time is now 1152.7034298427545 years. 

Begining Co-seismic period...
Finised Co-seismic period
Coseismic period took 43403.174055621 seconds. 
Simulation time is now 1152.7034361596707 years. 

On cycle 11
Begining Inter-seismic period...
Finished Interseismic
Interseismic period took 7018.672778842 seconds. 
Simulation time is now 1261.453624300693 years. 

Begining Co-seismic period...
Finised Co-seismic period
Coseismic period took 16689.312168546 seconds. 
Simulation time is now 1261.4536267837086 years. 

On cycle 12
Begining Inter-seismic period...
Finished Interseismic
Interseismic period took 8358.100973527 seconds. 
Simulation time is now 1391.212943309834 years. 

Begining Co-seismic period...
