got grid in 4.091013 seconds
set-up io
Got operators in 88.681380 seconds
Got initial conditions
Approximately 0.000015 Gib to GPU

On cycle 1
Begining Inter-seismic period...
Finished Interseismic
Interseismic period took 6640.685520344 seconds. 
Simulation time is now 237.77795056725012 years. 

Begining Co-seismic period...
Finised Co-seismic period
Coseismic period took 8139.408926596 seconds. 
Simulation time is now 237.77795613180203 years. 

On cycle 2
Begining Inter-seismic period...
Finished Interseismic
Interseismic period took 2247.933971925 seconds. 
Simulation time is now 352.3420516566014 years. 

Begining Co-seismic period...
Finised Co-seismic period
Coseismic period took 5757.80407449 seconds. 
Simulation time is now 352.34205544195225 years. 

On cycle 3
Begining Inter-seismic period...
Finished Interseismic
Interseismic period took 2073.354096955 seconds. 
Simulation time is now 464.87592460801045 years. 

Begining Co-seismic period...
Finised Co-seismic period
Coseismic period took 6069.249378583 seconds. 
Simulation time is now 464.875928613019 years. 

On cycle 4
Begining Inter-seismic period...
Finished Interseismic
Interseismic period took 3379.393569714 seconds. 
Simulation time is now 602.2215801061637 years. 

Begining Co-seismic period...
Finised Co-seismic period
Coseismic period took 7184.231679497 seconds. 
Simulation time is now 602.2215848722194 years. 

On cycle 5
Begining Inter-seismic period...
Finished Interseismic
Interseismic period took 2402.174090629 seconds. 
Simulation time is now 728.3216819418219 years. 

Begining Co-seismic period...
Finised Co-seismic period
Coseismic period took 6338.931390739 seconds. 
Simulation time is now 728.3216861394232 years. 

On cycle 6
Begining Inter-seismic period...
Finished Interseismic
Interseismic period took 2802.490653184 seconds. 
Simulation time is now 860.0366902445858 years. 

Begining Co-seismic period...
Finised Co-seismic period
Coseismic period took 6637.690972756 seconds. 
Simulation time is now 860.0366946283061 years. 

On cycle 7
Begining Inter-seismic period...
Finished Interseismic
Interseismic period took 2440.453868484 seconds. 
Simulation time is now 986.9577640183385 years. 

Begining Co-seismic period...
Finised Co-seismic period
Coseismic period took 6453.386684973 seconds. 
Simulation time is now 986.9577682956325 years. 

On cycle 8
Begining Inter-seismic period...
Finished Interseismic
Interseismic period took 2675.434319129 seconds. 
Simulation time is now 1117.2602293558373 years. 

Begining Co-seismic period...
Finised Co-seismic period
Coseismic period took 6402.722595432 seconds. 
Simulation time is now 1117.2602336253321 years. 

On cycle 9
Begining Inter-seismic period...
Finished Interseismic
Interseismic period took 2477.190748549 seconds. 
Simulation time is now 1245.0197002576015 years. 

Begining Co-seismic period...
Finised Co-seismic period
Coseismic period took 6230.625954516 seconds. 
Simulation time is now 1245.0197045334594 years. 

On cycle 10
Begining Inter-seismic period...
Finished Interseismic
Interseismic period took 2502.907828233 seconds. 
Simulation time is now 1374.5998371331693 years. 

Begining Co-seismic period...
Finised Co-seismic period
Coseismic period took 6275.261766897 seconds. 
Simulation time is now 1374.5998414036583 years. 

On cycle 11
Begining Inter-seismic period...
Finished Interseismic
Interseismic period took 2391.61273828 seconds. 
Simulation time is now 1502.838748327762 years. 

Begining Co-seismic period...
Finised Co-seismic period
Coseismic period took 6156.524464911 seconds. 
Simulation time is now 1502.8387525987814 years. 

On cycle 12
Begining Inter-seismic period...
Finished Interseismic
Interseismic period took 2455.520076433 seconds. 
Simulation time is now 1632.0385617769634 years. 

Begining Co-seismic period...
Finised Co-seismic period
Coseismic period took 6192.024582973 seconds. 
Simulation time is now 1632.038566045928 years. 

On cycle 13
Begining Inter-seismic period...
Finished Interseismic
Interseismic period took 2389.78966339 seconds. 
Simulation time is now 1760.5550510574874 years. 

Begining Co-seismic period...
Finised Co-seismic period
Coseismic period took 6298.857944416 seconds. 
Simulation time is now 1760.5550553304952 years. 

On cycle 14
Begining Inter-seismic period...
Finished Interseismic
Interseismic period took 2527.743831703 seconds. 
Simulation time is now 1889.5698388608616 years. 

Begining Co-seismic period...
Finised Co-seismic period
Coseismic period took 6400.033101926 seconds. 
Simulation time is now 1889.569843132787 years. 

On cycle 15
Begining Inter-seismic period...
Finished Interseismic
Interseismic period took 2503.886488188 seconds. 
Simulation time is now 2018.210893984282 years. 

Begining Co-seismic period...
Finised Co-seismic period
Coseismic period took 6344.818663746 seconds. 
Simulation time is now 2018.210898257356 years. 

On cycle 16
Begining Inter-seismic period...
Finished Interseismic
Interseismic period took 2523.664950441 seconds. 
Simulation time is now 2147.110772247374 years. 

Begining Co-seismic period...
Finised Co-seismic period
Coseismic period took 6353.329743093 seconds. 
Simulation time is now 2147.110776517465 years. 

On cycle 17
Begining Inter-seismic period...
Finished Interseismic
Interseismic period took 2502.672322531 seconds. 
Simulation time is now 2275.8168645328624 years. 

Begining Co-seismic period...
Finised Co-seismic period
Coseismic period took 6343.10584776 seconds. 
Simulation time is now 2275.816868805185 years. 

On cycle 18
Begining Inter-seismic period...
Finished Interseismic
Interseismic period took 2520.881190483 seconds. 
Simulation time is now 2404.6870102095686 years. 

Begining Co-seismic period...
Finised Co-seismic period
Coseismic period took 6369.785510159 seconds. 
Simulation time is now 2404.6870144825766 years. 

On cycle 19
Begining Inter-seismic period...
Finished Interseismic
Interseismic period took 2515.448595252 seconds. 
Simulation time is now 2533.435402928593 years. 

Begining Co-seismic period...
Finised Co-seismic period
Coseismic period took 6215.246018888 seconds. 
Simulation time is now 2533.4354072017113 years. 

On cycle 20
Begining Inter-seismic period...
Finished Interseismic
Interseismic period took 2442.071533419 seconds. 
Simulation time is now 2662.2570617279207 years. 

Begining Co-seismic period...
Finised Co-seismic period
Coseismic period took 6258.616649873 seconds. 
Simulation time is now 2662.2570660000224 years. 

On cycle 21
Begining Inter-seismic period...
Finished Interseismic
Interseismic period took 2408.528489835 seconds. 
Simulation time is now 2791.0278366018065 years. 

Begining Co-seismic period...
Finised Co-seismic period
Coseismic period took 6180.10675359 seconds. 
Simulation time is now 2791.027840873047 years. 

On cycle 22
Begining Inter-seismic period...
Finished Interseismic
Interseismic period took 2412.199307082 seconds. 
Simulation time is now 2919.830350983526 years. 

Begining Co-seismic period...
Finised Co-seismic period
Coseismic period took 6174.671658018 seconds. 
Simulation time is now 2919.830355254987 years. 

On cycle 23
Begining Inter-seismic period...
Finished Interseismic
Interseismic period took 2416.525377904 seconds. 
Simulation time is now 3048.6240124703822 years. 

Begining Co-seismic period...
Finised Co-seismic period
Coseismic period took 6198.680076737 seconds. 
Simulation time is now 3048.624016743191 years. 

On cycle 24
Begining Inter-seismic period...
Finished Interseismic
Interseismic period took 2418.871368006 seconds. 
Simulation time is now 3177.4304658942847 years. 

Begining Co-seismic period...
Finised Co-seismic period
Coseismic period took 6195.983354167 seconds. 
Simulation time is now 3177.4304701662763 years. 

On cycle 25
Begining Inter-seismic period...
Finished Interseismic
Interseismic period took 2432.966479357 seconds. 
Simulation time is now 3306.2110574038647 years. 

Begining Co-seismic period...
Finised Co-seismic period
Coseismic period took 6126.155980183 seconds. 
Simulation time is now 3306.211061676055 years. 

On cycle 26
Begining Inter-seismic period...
Finished Interseismic
Interseismic period took 2426.667856744 seconds. 
Simulation time is now 3435.019675430285 years. 

Begining Co-seismic period...
Finised Co-seismic period
Coseismic period took 6168.136197339 seconds. 
Simulation time is now 3435.0196797032045 years. 

On cycle 27
Begining Inter-seismic period...
Finished Interseismic
Interseismic period took 2424.064631643 seconds. 
Simulation time is now 3563.8110257258827 years. 

Begining Co-seismic period...
Finised Co-seismic period
Coseismic period took 6163.053716858 seconds. 
Simulation time is now 3563.811029999001 years. 

On cycle 28
Begining Inter-seismic period...
Finished Interseismic
Interseismic period took 2438.705104819 seconds. 
Simulation time is now 3692.6025439159894 years. 

Begining Co-seismic period...
Finised Co-seismic period
Coseismic period took 6151.162411141 seconds. 
Simulation time is now 3692.602548188688 years. 

On cycle 29
Begining Inter-seismic period...
Finished Interseismic
Interseismic period took 2431.506582822 seconds. 
Simulation time is now 3821.3902344315693 years. 

Begining Co-seismic period...
Finised Co-seismic period
Coseismic period took 6177.033268548 seconds. 
Simulation time is now 3821.390238704246 years. 

On cycle 30
Begining Inter-seismic period...
Finished Interseismic
Interseismic period took 2423.978154093 seconds. 
Simulation time is now 3950.190584761387 years. 

Begining Co-seismic period...
Finised Co-seismic period
Coseismic period took 6174.74934215 seconds. 
Simulation time is now 3950.1905890343064 years. 

On cycle 31
Begining Inter-seismic period...
Finished Interseismic
Interseismic period took 2422.177573758 seconds. 
Simulation time is now 4078.974289765844 years. 

Begining Co-seismic period...
Finised Co-seismic period
Coseismic period took 6181.340535965 seconds. 
Simulation time is now 4078.974294038896 years. 

On cycle 32
Begining Inter-seismic period...
Finished Interseismic
Interseismic period took 2416.165982691 seconds. 
Simulation time is now 4207.776541408666 years. 

Begining Co-seismic period...
Finised Co-seismic period
Coseismic period took 6196.096432926 seconds. 
Simulation time is now 4207.7765456799725 years. 

On cycle 33
Begining Inter-seismic period...
Finished Interseismic
Interseismic period took 2426.844571743 seconds. 
Simulation time is now 4336.556476844479 years. 

Begining Co-seismic period...
Finised Co-seismic period
Coseismic period took 6154.50770711 seconds. 
Simulation time is now 4336.556481116912 years. 

On cycle 34
Begining Inter-seismic period...
Finished Interseismic
Interseismic period took 2425.156322982 seconds. 
Simulation time is now 4465.372991937692 years. 

Begining Co-seismic period...
Finised Co-seismic period
Coseismic period took 6108.6135625 seconds. 
Simulation time is now 4465.3729962093075 years. 

On cycle 35
Begining Inter-seismic period...
Finished Interseismic
Interseismic period took 2418.807271343 seconds. 
Simulation time is now 4594.150273771227 years. 

Begining Co-seismic period...
Finised Co-seismic period
Coseismic period took 6162.44996933 seconds. 
Simulation time is now 4594.15027804249 years. 

On cycle 36
Begining Inter-seismic period...
Finished Interseismic
Interseismic period took 2431.560345837 seconds. 
Simulation time is now 4722.955318233291 years. 

Begining Co-seismic period...
Finised Co-seismic period
Coseismic period took 6192.922262265 seconds. 
Simulation time is now 4722.9553225057025 years. 

On cycle 37
Begining Inter-seismic period...
Finished Interseismic
Interseismic period took 2415.326426556 seconds. 
Simulation time is now 4851.754534834678 years. 

Begining Co-seismic period...
Finised Co-seismic period
Coseismic period took 6176.423642588 seconds. 
Simulation time is now 4851.754539107885 years. 

On cycle 38
Begining Inter-seismic period...
Finished Interseismic
Interseismic period took 2422.148174541 seconds. 
Simulation time is now 4980.551107447612 years. 

Begining Co-seismic period...
Finised Co-seismic period
Coseismic period took 6145.521608467 seconds. 
Simulation time is now 4980.551111720155 years. 

On cycle 39
Begining Inter-seismic period...
Finished Interseismic
Interseismic period took 2428.081015979 seconds. 
Simulation time is now 5109.339741850093 years. 

Begining Co-seismic period...
Finised Co-seismic period
Coseismic period took 6147.513741042 seconds. 
Simulation time is now 5109.339746122261 years. 

On cycle 40
Begining Inter-seismic period...
Finished Interseismic
Interseismic period took 2411.793705127 seconds. 
Simulation time is now 5238.1372945597395 years. 

Begining Co-seismic period...
Finised Co-seismic period
Coseismic period took 6198.124448548 seconds. 
Simulation time is now 5238.137298830494 years. 

On cycle 41
Begining Inter-seismic period...
Finished Interseismic
Interseismic period took 2429.631103894 seconds. 
Simulation time is now 5366.92604984939 years. 

Begining Co-seismic period...
Finised Co-seismic period
Coseismic period took 6218.98432219 seconds. 
Simulation time is now 5366.9260541227295 years. 

On cycle 42
Begining Inter-seismic period...
Finished Interseismic
Interseismic period took 2432.679880826 seconds. 
Simulation time is now 5495.741844247612 years. 

Begining Co-seismic period...
Finised Co-seismic period
Coseismic period took 6231.270271486 seconds. 
Simulation time is now 5495.741848519161 years. 

On cycle 43
Begining Inter-seismic period...
Finished Interseismic
Interseismic period took 2425.926709839 seconds. 
Simulation time is now 5624.510875171454 years. 

Begining Co-seismic period...
Finised Co-seismic period
Coseismic period took 6215.720851031 seconds. 
Simulation time is now 5624.51087944307 years. 

On cycle 44
Begining Inter-seismic period...
Finished Interseismic
Interseismic period took 2432.525956942 seconds. 
Simulation time is now 5753.32761617205 years. 

Begining Co-seismic period...
Finised Co-seismic period
Coseismic period took 6243.833592545 seconds. 
Simulation time is now 5753.327620443886 years. 

On cycle 45
Begining Inter-seismic period...
Finished Interseismic
Interseismic period took 2434.063674134 seconds. 
Simulation time is now 5882.111050292831 years. 

Begining Co-seismic period...
Finised Co-seismic period
Coseismic period took 6269.160704181 seconds. 
Simulation time is now 5882.11105456374 years. 

On cycle 46
Begining Inter-seismic period...
Finished Interseismic
Interseismic period took 2430.037417489 seconds. 
Simulation time is now 6010.911312482069 years. 

Begining Co-seismic period...
Finised Co-seismic period
Coseismic period took 6201.765895196 seconds. 
Simulation time is now 6010.911316753994 years. 

On cycle 47
Begining Inter-seismic period...
Finished Interseismic
Interseismic period took 2439.738839997 seconds. 
Simulation time is now 6139.712897849245 years. 

Begining Co-seismic period...
Finised Co-seismic period
Coseismic period took 6214.888336504 seconds. 
Simulation time is now 6139.712902122429 years. 

On cycle 48
Begining Inter-seismic period...
Finished Interseismic
Interseismic period took 2416.484274084 seconds. 
Simulation time is now 6268.512157792885 years. 

Begining Co-seismic period...
Finised Co-seismic period
Coseismic period took 6252.910273649 seconds. 
Simulation time is now 6268.512162064987 years. 

On cycle 49
Begining Inter-seismic period...
Finished Interseismic
Interseismic period took 2428.422351878 seconds. 
Simulation time is now 6397.295959409707 years. 

Begining Co-seismic period...
Finised Co-seismic period
Coseismic period took 6240.444790654 seconds. 
Simulation time is now 6397.2959636802625 years. 

On cycle 50
Begining Inter-seismic period...
Finished Interseismic
Interseismic period took 2407.636719282 seconds. 
Simulation time is now 6526.094215217844 years. 

Begining Co-seismic period...
Finised Co-seismic period
Coseismic period took 6119.834522838 seconds. 
Simulation time is now 6526.094219490676 years. 

On cycle 51
Begining Inter-seismic period...
Finished Interseismic
Interseismic period took 2409.102291674 seconds. 
Simulation time is now 6654.899848007928 years. 

Begining Co-seismic period...
