got grid in 4.024746 seconds
set-up io
Got operators in 21.826174 seconds
Got initial conditions
Approximately 0.000007 Gib to GPU

On cycle 1
Begining Inter-seismic period...
Finished Interseismic
Interseismic period took 233.33161488 seconds. 
Simulation time is now 140.16180949173938 years. 

Begining Co-seismic period...
Finised Co-seismic period
Coseismic period took 1702.354133551 seconds. 
Simulation time is now 140.1618148987985 years. 

On cycle 2
Begining Inter-seismic period...
Finished Interseismic
Interseismic period took 1421.749660561 seconds. 
Simulation time is now 735.3588256334782 years. 

Begining Co-seismic period...
Finised Co-seismic period
Coseismic period took 1313.316679628 seconds. 
Simulation time is now 735.358830213459 years. 

On cycle 3
Begining Inter-seismic period...
Finished Interseismic
Interseismic period took 298.177877366 seconds. 
Simulation time is now 899.2086220804765 years. 

Begining Co-seismic period...
Finised Co-seismic period
Coseismic period took 1443.364566032 seconds. 
Simulation time is now 899.2086270704613 years. 

On cycle 4
Begining Inter-seismic period...
Finished Interseismic
Interseismic period took 309.714100073 seconds. 
Simulation time is now 1076.5658957841365 years. 

Begining Co-seismic period...
Finised Co-seismic period
Coseismic period took 2677.690867159 seconds. 
Simulation time is now 1076.5659050632873 years. 

On cycle 5
Begining Inter-seismic period...
Finished Interseismic
Interseismic period took 239.873746547 seconds. 
Simulation time is now 1206.309722735455 years. 

Begining Co-seismic period...
Finised Co-seismic period
Coseismic period took 1328.028199986 seconds. 
Simulation time is now 1206.3097273659275 years. 

On cycle 6
Begining Inter-seismic period...
Finished Interseismic
Interseismic period took 310.296402535 seconds. 
Simulation time is now 1383.1799009278047 years. 

Begining Co-seismic period...
Finised Co-seismic period
Coseismic period took 2716.886088442 seconds. 
Simulation time is now 1383.1799108978764 years. 

On cycle 7
Begining Inter-seismic period...
Finished Interseismic
Interseismic period took 296.464611256 seconds. 
Simulation time is now 1539.2560201838453 years. 

Begining Co-seismic period...
Finised Co-seismic period
Coseismic period took 1309.967356985 seconds. 
Simulation time is now 1539.256024991894 years. 

On cycle 8
Begining Inter-seismic period...
Finished Interseismic
Interseismic period took 316.807279938 seconds. 
Simulation time is now 1724.3073658254586 years. 

Begining Co-seismic period...
Finised Co-seismic period
Coseismic period took 3405.433909438 seconds. 
Simulation time is now 1724.3073776934862 years. 

