got grid in 3.885606 seconds
set-up io
Got operators in 20.602365 seconds
Got initial conditions
Approximately 0.000020 Gib to GPU

On cycle 1
Begining Inter-seismic period...
Finished Interseismic
Interseismic period took 247.083694753 seconds. 
Simulation time is now 140.16180949173938 years. 

Begining Co-seismic period...
Finised Co-seismic period
Coseismic period took 27.337762752 seconds. 
Simulation time is now 140.16180949173938 years. 

On cycle 2
Begining Inter-seismic period...
Finished Interseismic
Interseismic period took 0.250832593 seconds. 
Simulation time is now 140.16180949179832 years. 

Begining Co-seismic period...
