got grid in 3.467830 seconds
(fc[i], fc[i] - fc[i - 1]) = (0.06000000000000005, 0.06000000000000005)
(fc[i], fc[i] - fc[i - 1]) = (0.1200000000000001, 0.06000000000000005)
(fc[i], fc[i] - fc[i - 1]) = (0.18000000000000016, 0.06000000000000005)
(fc[i], fc[i] - fc[i - 1]) = (0.2400000000000002, 0.06000000000000005)
(fc[i], fc[i] - fc[i - 1]) = (0.30000000000000027, 0.06000000000000005)
(fc[i], fc[i] - fc[i - 1]) = (0.3600000000000003, 0.06000000000000005)
(fc[i], fc[i] - fc[i - 1]) = (0.4200000000000004, 0.06000000000000005)
(fc[i], fc[i] - fc[i - 1]) = (0.4800000000000004, 0.06000000000000005)
(fc[i], fc[i] - fc[i - 1]) = (0.5400000000000005, 0.06000000000000005)
(fc[i], fc[i] - fc[i - 1]) = (0.6000000000000005, 0.06000000000000005)
(fc[i], fc[i] - fc[i - 1]) = (0.6600000000000006, 0.06000000000000005)
(fc[i], fc[i] - fc[i - 1]) = (0.7200000000000006, 0.06000000000000005)
(fc[i], fc[i] - fc[i - 1]) = (0.7799999999999994, 0.05999999999999872)
(fc[i], fc[i] - fc[i - 1]) = (0.8399999999999994, 0.06000000000000005)
(fc[i], fc[i] - fc[i - 1]) = (0.8999999999999995, 0.06000000000000005)
(fc[i], fc[i] - fc[i - 1]) = (0.9599999999999995, 0.06000000000000005)
(fc[i], fc[i] - fc[i - 1]) = (1.0199999999999996, 0.06000000000000005)
(fc[i], fc[i] - fc[i - 1]) = (1.0799999999999996, 0.06000000000000005)
(fc[i], fc[i] - fc[i - 1]) = (1.1399999999999997, 0.06000000000000005)
(fc[i], fc[i] - fc[i - 1]) = (1.1999999999999997, 0.06000000000000005)
(fc[i], fc[i] - fc[i - 1]) = (1.2599999999999998, 0.06000000000000005)
(fc[i], fc[i] - fc[i - 1]) = (1.3199999999999998, 0.06000000000000005)
(fc[i], fc[i] - fc[i - 1]) = (1.38, 0.06000000000000005)
(fc[i], fc[i] - fc[i - 1]) = (1.44, 0.06000000000000005)
(fc[i], fc[i] - fc[i - 1]) = (1.5, 0.06000000000000005)
(fc[i], fc[i] - fc[i - 1]) = (1.56, 0.06000000000000005)
(fc[i], fc[i] - fc[i - 1]) = (1.62, 0.06000000000000005)
(fc[i], fc[i] - fc[i - 1]) = (1.6800000000000002, 0.06000000000000005)
(fc[i], fc[i] - fc[i - 1]) = (1.7400000000000002, 0.06000000000000005)
(fc[i], fc[i] - fc[i - 1]) = (1.8000000000000003, 0.06000000000000005)
(fc[i], fc[i] - fc[i - 1]) = (1.8600000000000003, 0.06000000000000005)
(fc[i], fc[i] - fc[i - 1]) = (1.9200000000000004, 0.06000000000000005)
(fc[i], fc[i] - fc[i - 1]) = (1.9800000000000004, 0.06000000000000005)
(fc[i], fc[i] - fc[i - 1]) = (2.0400000000000005, 0.06000000000000005)
(fc[i], fc[i] - fc[i - 1]) = (2.1000000000000005, 0.06000000000000005)
(fc[i], fc[i] - fc[i - 1]) = (2.1600000000000006, 0.06000000000000005)
(fc[i], fc[i] - fc[i - 1]) = (2.2200000000000006, 0.06000000000000005)
(fc[i], fc[i] - fc[i - 1]) = (2.2799999999999994, 0.05999999999999872)
(fc[i], fc[i] - fc[i - 1]) = (2.3399999999999994, 0.06000000000000005)
(fc[i], fc[i] - fc[i - 1]) = (2.3999999999999995, 0.06000000000000005)
(fc[i], fc[i] - fc[i - 1]) = (2.4599999999999995, 0.06000000000000005)
(fc[i], fc[i] - fc[i - 1]) = (2.5199999999999996, 0.06000000000000005)
(fc[i], fc[i] - fc[i - 1]) = (2.5799999999999996, 0.06000000000000005)
(fc[i], fc[i] - fc[i - 1]) = (2.6399999999999997, 0.06000000000000005)
(fc[i], fc[i] - fc[i - 1]) = (2.6999999999999997, 0.06000000000000005)
(fc[i], fc[i] - fc[i - 1]) = (2.76, 0.06000000000000005)
(fc[i], fc[i] - fc[i - 1]) = (2.82, 0.06000000000000005)
(fc[i], fc[i] - fc[i - 1]) = (2.88, 0.06000000000000005)
(fc[i], fc[i] - fc[i - 1]) = (2.94, 0.06000000000000005)
(fc[i], fc[i] - fc[i - 1]) = (3.0, 0.06000000000000005)
(fc[i], fc[i] - fc[i - 1]) = (3.06, 0.06000000000000005)
(fc[i], fc[i] - fc[i - 1]) = (3.12, 0.06000000000000005)
(fc[i], fc[i] - fc[i - 1]) = (3.18, 0.06000000000000005)
(fc[i], fc[i] - fc[i - 1]) = (3.24, 0.06000000000000005)
(fc[i], fc[i] - fc[i - 1]) = (3.3000000000000003, 0.06000000000000005)
(fc[i], fc[i] - fc[i - 1]) = (3.3600000000000003, 0.06000000000000005)
(fc[i], fc[i] - fc[i - 1]) = (3.4200000000000004, 0.06000000000000005)
(fc[i], fc[i] - fc[i - 1]) = (3.4800000000000004, 0.06000000000000005)
(fc[i], fc[i] - fc[i - 1]) = (3.5400000000000005, 0.06000000000000005)
(fc[i], fc[i] - fc[i - 1]) = (3.6000000000000005, 0.06000000000000005)
(fc[i], fc[i] - fc[i - 1]) = (3.6600000000000006, 0.06000000000000005)
(fc[i], fc[i] - fc[i - 1]) = (3.7200000000000006, 0.06000000000000005)
(fc[i], fc[i] - fc[i - 1]) = (3.7799999999999994, 0.05999999999999872)
(fc[i], fc[i] - fc[i - 1]) = (3.8399999999999994, 0.06000000000000005)
(fc[i], fc[i] - fc[i - 1]) = (3.8999999999999995, 0.06000000000000005)
(fc[i], fc[i] - fc[i - 1]) = (3.9599999999999995, 0.06000000000000005)
(fc[i], fc[i] - fc[i - 1]) = (4.02, 0.06000000000000005)
(fc[i], fc[i] - fc[i - 1]) = (4.08, 0.0600000000000005)
(fc[i], fc[i] - fc[i - 1]) = (4.14, 0.05999999999999961)
(fc[i], fc[i] - fc[i - 1]) = (4.199999999999999, 0.05999999999999961)
(fc[i], fc[i] - fc[i - 1]) = (4.26, 0.0600000000000005)
(fc[i], fc[i] - fc[i - 1]) = (4.32, 0.0600000000000005)
(fc[i], fc[i] - fc[i - 1]) = (4.38, 0.05999999999999961)
(fc[i], fc[i] - fc[i - 1]) = (4.4399999999999995, 0.05999999999999961)
(fc[i], fc[i] - fc[i - 1]) = (4.5, 0.0600000000000005)
(fc[i], fc[i] - fc[i - 1]) = (4.5600000000000005, 0.0600000000000005)
(fc[i], fc[i] - fc[i - 1]) = (4.62, 0.05999999999999961)
(fc[i], fc[i] - fc[i - 1]) = (4.68, 0.05999999999999961)
(fc[i], fc[i] - fc[i - 1]) = (4.74, 0.0600000000000005)
(fc[i], fc[i] - fc[i - 1]) = (4.800000000000001, 0.0600000000000005)
(fc[i], fc[i] - fc[i - 1]) = (4.86, 0.05999999999999961)
(fc[i], fc[i] - fc[i - 1]) = (4.92, 0.05999999999999961)
(fc[i], fc[i] - fc[i - 1]) = (4.98, 0.0600000000000005)
(fc[i], fc[i] - fc[i - 1]) = (5.040000000000001, 0.0600000000000005)
(fc[i], fc[i] - fc[i - 1]) = (5.1000000000000005, 0.05999999999999961)
(fc[i], fc[i] - fc[i - 1]) = (5.16, 0.05999999999999961)
(fc[i], fc[i] - fc[i - 1]) = (5.220000000000001, 0.0600000000000005)
(fc[i], fc[i] - fc[i - 1]) = (5.279999999999999, 0.05999999999999872)
(fc[i], fc[i] - fc[i - 1]) = (5.34, 0.0600000000000005)
(fc[i], fc[i] - fc[i - 1]) = (5.3999999999999995, 0.05999999999999961)
(fc[i], fc[i] - fc[i - 1]) = (5.459999999999999, 0.05999999999999961)
(fc[i], fc[i] - fc[i - 1]) = (5.52, 0.0600000000000005)
(fc[i], fc[i] - fc[i - 1]) = (5.58, 0.0600000000000005)
(fc[i], fc[i] - fc[i - 1]) = (5.64, 0.05999999999999961)
(fc[i], fc[i] - fc[i - 1]) = (5.699999999999999, 0.05999999999999961)
(fc[i], fc[i] - fc[i - 1]) = (5.76, 0.0600000000000005)
(fc[i], fc[i] - fc[i - 1]) = (5.82, 0.0600000000000005)
(fc[i], fc[i] - fc[i - 1]) = (5.88, 0.05999999999999961)
(fc[i], fc[i] - fc[i - 1]) = (5.9399999999999995, 0.05999999999999961)
(fc[i], fc[i] - fc[i - 1]) = (6.0, 0.0600000000000005)
(fc[i], fc[i] - fc[i - 1]) = (6.0600000000000005, 0.0600000000000005)
(fc[i], fc[i] - fc[i - 1]) = (6.12, 0.05999999999999961)
(fc[i], fc[i] - fc[i - 1]) = (6.18, 0.05999999999999961)
(fc[i], fc[i] - fc[i - 1]) = (6.24, 0.0600000000000005)
(fc[i], fc[i] - fc[i - 1]) = (6.300000000000001, 0.0600000000000005)
(fc[i], fc[i] - fc[i - 1]) = (6.36, 0.05999999999999961)
(fc[i], fc[i] - fc[i - 1]) = (6.419999999999999, 0.05999999999999872)
(fc[i], fc[i] - fc[i - 1]) = (6.48, 0.060000000000001386)
(fc[i], fc[i] - fc[i - 1]) = (6.539999999999999, 0.05999999999999872)
(fc[i], fc[i] - fc[i - 1]) = (6.6000000000000005, 0.060000000000001386)
(fc[i], fc[i] - fc[i - 1]) = (6.659999999999999, 0.05999999999999872)
(fc[i], fc[i] - fc[i - 1]) = (6.720000000000001, 0.060000000000001386)
(fc[i], fc[i] - fc[i - 1]) = (6.779999999999999, 0.05999999999999872)
(fc[i], fc[i] - fc[i - 1]) = (6.840000000000001, 0.060000000000001386)
(fc[i], fc[i] - fc[i - 1]) = (6.8999999999999995, 0.05999999999999872)
(fc[i], fc[i] - fc[i - 1]) = (6.960000000000001, 0.060000000000001386)
(fc[i], fc[i] - fc[i - 1]) = (7.02, 0.05999999999999872)
(fc[i], fc[i] - fc[i - 1]) = (7.080000000000001, 0.060000000000001386)
(fc[i], fc[i] - fc[i - 1]) = (7.14, 0.05999999999999872)
(fc[i], fc[i] - fc[i - 1]) = (7.199999999999999, 0.05999999999999961)
(fc[i], fc[i] - fc[i - 1]) = (7.26, 0.0600000000000005)
(fc[i], fc[i] - fc[i - 1]) = (7.32, 0.0600000000000005)
(fc[i], fc[i] - fc[i - 1]) = (7.38, 0.05999999999999961)
(fc[i], fc[i] - fc[i - 1]) = (7.4399999999999995, 0.05999999999999961)
(fc[i], fc[i] - fc[i - 1]) = (7.5, 0.0600000000000005)
(fc[i], fc[i] - fc[i - 1]) = (7.5600000000000005, 0.0600000000000005)
(fc[i], fc[i] - fc[i - 1]) = (7.62, 0.05999999999999961)
(fc[i], fc[i] - fc[i - 1]) = (7.68, 0.05999999999999961)
(fc[i], fc[i] - fc[i - 1]) = (7.74, 0.0600000000000005)
(fc[i], fc[i] - fc[i - 1]) = (7.800000000000001, 0.0600000000000005)
(fc[i], fc[i] - fc[i - 1]) = (7.86, 0.05999999999999961)
(fc[i], fc[i] - fc[i - 1]) = (7.919999999999999, 0.05999999999999872)
(fc[i], fc[i] - fc[i - 1]) = (7.98, 0.060000000000001386)
(fc[i], fc[i] - fc[i - 1]) = (8.04, 0.05999999999999872)
(fc[i], fc[i] - fc[i - 1]) = (8.100000000000001, 0.060000000000002274)
(fc[i], fc[i] - fc[i - 1]) = (8.16, 0.05999999999999872)
(fc[i], fc[i] - fc[i - 1]) = (8.22, 0.0600000000000005)
(fc[i], fc[i] - fc[i - 1]) = (8.28, 0.05999999999999872)
(fc[i], fc[i] - fc[i - 1]) = (8.34, 0.0600000000000005)
(fc[i], fc[i] - fc[i - 1]) = (8.399999999999999, 0.05999999999999872)
(fc[i], fc[i] - fc[i - 1]) = (8.46, 0.060000000000002274)
(fc[i], fc[i] - fc[i - 1]) = (8.52, 0.05999999999999872)
(fc[i], fc[i] - fc[i - 1]) = (8.580000000000002, 0.060000000000002274)
(fc[i], fc[i] - fc[i - 1]) = (8.64, 0.05999999999999872)
(fc[i], fc[i] - fc[i - 1]) = (8.7, 0.05999999999999872)
(fc[i], fc[i] - fc[i - 1]) = (8.76, 0.0600000000000005)
(fc[i], fc[i] - fc[i - 1]) = (8.82, 0.0600000000000005)
(fc[i], fc[i] - fc[i - 1]) = (8.879999999999999, 0.05999999999999872)
(fc[i], fc[i] - fc[i - 1]) = (8.94, 0.0600000000000005)
(fc[i], fc[i] - fc[i - 1]) = (9.0, 0.0600000000000005)
(fc[i], fc[i] - fc[i - 1]) = (9.06, 0.0600000000000005)
(fc[i], fc[i] - fc[i - 1]) = (9.120000000000001, 0.0600000000000005)
(fc[i], fc[i] - fc[i - 1]) = (9.18, 0.05999999999999872)
(fc[i], fc[i] - fc[i - 1]) = (9.24, 0.0600000000000005)
(fc[i], fc[i] - fc[i - 1]) = (9.3, 0.0600000000000005)
(fc[i], fc[i] - fc[i - 1]) = (9.36, 0.05999999999999872)
(fc[i], fc[i] - fc[i - 1]) = (9.42, 0.0600000000000005)
(fc[i], fc[i] - fc[i - 1]) = (9.48, 0.0600000000000005)
(fc[i], fc[i] - fc[i - 1]) = (9.540000000000001, 0.0600000000000005)
(fc[i], fc[i] - fc[i - 1]) = (9.600000000000001, 0.0600000000000005)
(fc[i], fc[i] - fc[i - 1]) = (9.66, 0.05999999999999872)
(fc[i], fc[i] - fc[i - 1]) = (9.72, 0.0600000000000005)
(fc[i], fc[i] - fc[i - 1]) = (9.78, 0.05999999999999872)
(fc[i], fc[i] - fc[i - 1]) = (9.84, 0.0600000000000005)
(fc[i], fc[i] - fc[i - 1]) = (9.899999999999999, 0.05999999999999872)
(fc[i], fc[i] - fc[i - 1]) = (9.959999999999999, 0.0600000000000005)
(fc[i], fc[i] - fc[i - 1]) = (10.02, 0.0600000000000005)
(fc[i], fc[i] - fc[i - 1]) = (10.08, 0.0600000000000005)
(fc[i], fc[i] - fc[i - 1]) = (10.14, 0.0600000000000005)
(fc[i], fc[i] - fc[i - 1]) = (10.2, 0.05999999999999872)
(fc[i], fc[i] - fc[i - 1]) = (10.26, 0.0600000000000005)
(fc[i], fc[i] - fc[i - 1]) = (10.32, 0.0600000000000005)
(fc[i], fc[i] - fc[i - 1]) = (10.379999999999999, 0.05999999999999872)
(fc[i], fc[i] - fc[i - 1]) = (10.44, 0.0600000000000005)
(fc[i], fc[i] - fc[i - 1]) = (10.5, 0.0600000000000005)
(fc[i], fc[i] - fc[i - 1]) = (10.56, 0.0600000000000005)
(fc[i], fc[i] - fc[i - 1]) = (10.620000000000001, 0.0600000000000005)
(fc[i], fc[i] - fc[i - 1]) = (10.68, 0.05999999999999872)
(fc[i], fc[i] - fc[i - 1]) = (10.74, 0.0600000000000005)
(fc[i], fc[i] - fc[i - 1]) = (10.8, 0.0600000000000005)
(fc[i], fc[i] - fc[i - 1]) = (10.86, 0.05999999999999872)
(fc[i], fc[i] - fc[i - 1]) = (10.92, 0.0600000000000005)
(fc[i], fc[i] - fc[i - 1]) = (10.98, 0.0600000000000005)
(fc[i], fc[i] - fc[i - 1]) = (11.040000000000001, 0.0600000000000005)
(fc[i], fc[i] - fc[i - 1]) = (11.100000000000001, 0.0600000000000005)
(fc[i], fc[i] - fc[i - 1]) = (11.16, 0.05999999999999872)
(fc[i], fc[i] - fc[i - 1]) = (11.22, 0.0600000000000005)
(fc[i], fc[i] - fc[i - 1]) = (11.28, 0.05999999999999872)
(fc[i], fc[i] - fc[i - 1]) = (11.34, 0.0600000000000005)
(fc[i], fc[i] - fc[i - 1]) = (11.399999999999999, 0.05999999999999872)
(fc[i], fc[i] - fc[i - 1]) = (11.459999999999999, 0.0600000000000005)
(fc[i], fc[i] - fc[i - 1]) = (11.52, 0.0600000000000005)
(fc[i], fc[i] - fc[i - 1]) = (11.58, 0.0600000000000005)
(fc[i], fc[i] - fc[i - 1]) = (11.64, 0.0600000000000005)
(fc[i], fc[i] - fc[i - 1]) = (11.7, 0.05999999999999872)
(fc[i], fc[i] - fc[i - 1]) = (11.76, 0.0600000000000005)
(fc[i], fc[i] - fc[i - 1]) = (11.82, 0.0600000000000005)
(fc[i], fc[i] - fc[i - 1]) = (11.879999999999999, 0.05999999999999872)
(fc[i], fc[i] - fc[i - 1]) = (11.94, 0.0600000000000005)
(fc[i], fc[i] - fc[i - 1]) = (12.0, 0.0600000000000005)
(fc[i], fc[i] - fc[i - 1]) = (12.059999999999999, 0.05999999999999872)
(fc[i], fc[i] - fc[i - 1]) = (12.120000000000001, 0.060000000000002274)
(fc[i], fc[i] - fc[i - 1]) = (12.18, 0.05999999999999872)
(fc[i], fc[i] - fc[i - 1]) = (12.24, 0.0600000000000005)
(fc[i], fc[i] - fc[i - 1]) = (12.299999999999999, 0.05999999999999872)
(fc[i], fc[i] - fc[i - 1]) = (12.36, 0.0600000000000005)
(fc[i], fc[i] - fc[i - 1]) = (12.419999999999998, 0.05999999999999872)
(fc[i], fc[i] - fc[i - 1]) = (12.48, 0.060000000000002274)
(fc[i], fc[i] - fc[i - 1]) = (12.54, 0.05999999999999872)
(fc[i], fc[i] - fc[i - 1]) = (12.600000000000001, 0.060000000000002274)
(fc[i], fc[i] - fc[i - 1]) = (12.66, 0.05999999999999872)
(fc[i], fc[i] - fc[i - 1]) = (12.72, 0.0600000000000005)
(fc[i], fc[i] - fc[i - 1]) = (12.78, 0.05999999999999872)
(fc[i], fc[i] - fc[i - 1]) = (12.84, 0.0600000000000005)
(fc[i], fc[i] - fc[i - 1]) = (12.899999999999999, 0.05999999999999872)
(fc[i], fc[i] - fc[i - 1]) = (12.96, 0.060000000000002274)
(fc[i], fc[i] - fc[i - 1]) = (13.02, 0.05999999999999872)
(fc[i], fc[i] - fc[i - 1]) = (13.080000000000002, 0.060000000000002274)
(fc[i], fc[i] - fc[i - 1]) = (13.14, 0.05999999999999872)
(fc[i], fc[i] - fc[i - 1]) = (13.200000000000001, 0.0600000000000005)
(fc[i], fc[i] - fc[i - 1]) = (13.26, 0.05999999999999872)
(fc[i], fc[i] - fc[i - 1]) = (13.32, 0.0600000000000005)
(fc[i], fc[i] - fc[i - 1]) = (13.379999999999999, 0.05999999999999872)
(fc[i], fc[i] - fc[i - 1]) = (13.440000000000001, 0.060000000000002274)
(fc[i], fc[i] - fc[i - 1]) = (13.5, 0.05999999999999872)
(fc[i], fc[i] - fc[i - 1]) = (13.559999999999999, 0.05999999999999872)
(fc[i], fc[i] - fc[i - 1]) = (13.620000000000001, 0.060000000000002274)
(fc[i], fc[i] - fc[i - 1]) = (13.680000000000001, 0.0600000000000005)
(fc[i], fc[i] - fc[i - 1]) = (13.74, 0.05999999999999872)
(fc[i], fc[i] - fc[i - 1]) = (13.799999999999999, 0.05999999999999872)
(fc[i], fc[i] - fc[i - 1]) = (13.86, 0.0600000000000005)
(fc[i], fc[i] - fc[i - 1]) = (13.919999999999998, 0.05999999999999872)
(fc[i], fc[i] - fc[i - 1]) = (13.98, 0.060000000000002274)
(fc[i], fc[i] - fc[i - 1]) = (14.04, 0.05999999999999872)
(fc[i], fc[i] - fc[i - 1]) = (14.100000000000001, 0.060000000000002274)
(fc[i], fc[i] - fc[i - 1]) = (14.16, 0.05999999999999872)
(fc[i], fc[i] - fc[i - 1]) = (14.22, 0.0600000000000005)
(fc[i], fc[i] - fc[i - 1]) = (14.28, 0.05999999999999872)
(fc[i], fc[i] - fc[i - 1]) = (14.34, 0.0600000000000005)
(fc[i], fc[i] - fc[i - 1]) = (14.399999999999999, 0.05999999999999872)
(fc[i], fc[i] - fc[i - 1]) = (14.46, 0.060000000000002274)
(fc[i], fc[i] - fc[i - 1]) = (14.52, 0.05999999999999872)
(fc[i], fc[i] - fc[i - 1]) = (14.580000000000002, 0.060000000000002274)
(fc[i], fc[i] - fc[i - 1]) = (14.64, 0.05999999999999872)
(fc[i], fc[i] - fc[i - 1]) = (14.700000000000001, 0.0600000000000005)
(fc[i], fc[i] - fc[i - 1]) = (14.76, 0.05999999999999872)
(fc[i], fc[i] - fc[i - 1]) = (14.819999999999999, 0.05999999999999872)
(fc[i], fc[i] - fc[i - 1]) = (14.879999999999999, 0.0600000000000005)
(fc[i], fc[i] - fc[i - 1]) = (14.940000000000001, 0.060000000000002274)
(fc[i], fc[i] - fc[i - 1]) = (15.0, 0.05999999999999872)
(fc[i], fc[i] - fc[i - 1]) = (15.059999999999999, 0.05999999999999872)
(fc[i], fc[i] - fc[i - 1]) = (15.120000000000001, 0.060000000000002274)
(fc[i], fc[i] - fc[i - 1]) = (15.180000000000001, 0.0600000000000005)
(fc[i], fc[i] - fc[i - 1]) = (15.24, 0.05999999999999872)
(fc[i], fc[i] - fc[i - 1]) = (15.299999999999999, 0.05999999999999872)
(fc[i], fc[i] - fc[i - 1]) = (15.36, 0.0600000000000005)
(fc[i], fc[i] - fc[i - 1]) = (15.419999999999998, 0.05999999999999872)
(fc[i], fc[i] - fc[i - 1]) = (15.48, 0.060000000000002274)
(fc[i], fc[i] - fc[i - 1]) = (15.54, 0.05999999999999872)
(fc[i], fc[i] - fc[i - 1]) = (15.600000000000001, 0.060000000000002274)
(fc[i], fc[i] - fc[i - 1]) = (15.66, 0.05999999999999872)
(fc[i], fc[i] - fc[i - 1]) = (15.72, 0.0600000000000005)
(fc[i], fc[i] - fc[i - 1]) = (15.78, 0.05999999999999872)
(fc[i], fc[i] - fc[i - 1]) = (15.84, 0.0600000000000005)
(fc[i], fc[i] - fc[i - 1]) = (15.899999999999999, 0.05999999999999872)
(fc[i], fc[i] - fc[i - 1]) = (15.96, 0.060000000000002274)
(fc[i], fc[i] - fc[i - 1]) = (16.02, 0.05999999999999872)
(fc[i], fc[i] - fc[i - 1]) = (16.080000000000002, 0.060000000000002274)
(fc[i], fc[i] - fc[i - 1]) = (16.14, 0.05999999999999872)
(fc[i], fc[i] - fc[i - 1]) = (16.200000000000003, 0.060000000000002274)
(fc[i], fc[i] - fc[i - 1]) = (16.259999999999998, 0.05999999999999517)
(fc[i], fc[i] - fc[i - 1]) = (16.32, 0.060000000000002274)
(fc[i], fc[i] - fc[i - 1]) = (16.38, 0.05999999999999872)
(fc[i], fc[i] - fc[i - 1]) = (16.44, 0.060000000000002274)
(fc[i], fc[i] - fc[i - 1]) = (16.5, 0.05999999999999872)
(fc[i], fc[i] - fc[i - 1]) = (16.56, 0.05999999999999872)
(fc[i], fc[i] - fc[i - 1]) = (16.62, 0.060000000000002274)
(fc[i], fc[i] - fc[i - 1]) = (16.68, 0.05999999999999872)
(fc[i], fc[i] - fc[i - 1]) = (16.740000000000002, 0.060000000000002274)
(fc[i], fc[i] - fc[i - 1]) = (16.799999999999997, 0.05999999999999517)
(fc[i], fc[i] - fc[i - 1]) = (16.86, 0.060000000000002274)
(fc[i], fc[i] - fc[i - 1]) = (16.919999999999998, 0.05999999999999872)
(fc[i], fc[i] - fc[i - 1]) = (16.98, 0.060000000000002274)
(fc[i], fc[i] - fc[i - 1]) = (17.04, 0.05999999999999872)
(fc[i], fc[i] - fc[i - 1]) = (17.1, 0.060000000000002274)
(fc[i], fc[i] - fc[i - 1]) = (17.16, 0.05999999999999872)
(fc[i], fc[i] - fc[i - 1]) = (17.22, 0.05999999999999872)
(fc[i], fc[i] - fc[i - 1]) = (17.28, 0.060000000000002274)
(fc[i], fc[i] - fc[i - 1]) = (17.34, 0.05999999999999872)
(fc[i], fc[i] - fc[i - 1]) = (17.4, 0.05999999999999872)
(fc[i], fc[i] - fc[i - 1]) = (17.46, 0.060000000000002274)
(fc[i], fc[i] - fc[i - 1]) = (17.52, 0.05999999999999872)
(fc[i], fc[i] - fc[i - 1]) = (17.580000000000002, 0.060000000000002274)
(fc[i], fc[i] - fc[i - 1]) = (17.64, 0.05999999999999872)
(fc[i], fc[i] - fc[i - 1]) = (17.700000000000003, 0.060000000000002274)
(fc[i], fc[i] - fc[i - 1]) = (17.759999999999998, 0.05999999999999517)
(fc[i], fc[i] - fc[i - 1]) = (17.82, 0.060000000000002274)
(fc[i], fc[i] - fc[i - 1]) = (17.88, 0.05999999999999872)
(fc[i], fc[i] - fc[i - 1]) = (17.94, 0.060000000000002274)
(fc[i], fc[i] - fc[i - 1]) = (18.0, 0.05999999999999872)
(fc[i], fc[i] - fc[i - 1]) = (18.06, 0.05999999999999872)
(fc[i], fc[i] - fc[i - 1]) = (18.12, 0.060000000000002274)
(fc[i], fc[i] - fc[i - 1]) = (18.18, 0.05999999999999872)
(fc[i], fc[i] - fc[i - 1]) = (18.240000000000002, 0.060000000000002274)
(fc[i], fc[i] - fc[i - 1]) = (18.299999999999997, 0.05999999999999517)
(fc[i], fc[i] - fc[i - 1]) = (18.36, 0.060000000000002274)
(fc[i], fc[i] - fc[i - 1]) = (18.42, 0.060000000000002274)
(fc[i], fc[i] - fc[i - 1]) = (18.48, 0.05999999999999872)
(fc[i], fc[i] - fc[i - 1]) = (18.54, 0.05999999999999872)
(fc[i], fc[i] - fc[i - 1]) = (18.6, 0.060000000000002274)
(fc[i], fc[i] - fc[i - 1]) = (18.660000000000004, 0.060000000000002274)
(fc[i], fc[i] - fc[i - 1]) = (18.72, 0.05999999999999517)
(fc[i], fc[i] - fc[i - 1]) = (18.78, 0.060000000000002274)
(fc[i], fc[i] - fc[i - 1]) = (18.839999999999996, 0.05999999999999517)
(fc[i], fc[i] - fc[i - 1]) = (18.9, 0.060000000000002274)
(fc[i], fc[i] - fc[i - 1]) = (18.96, 0.060000000000002274)
(fc[i], fc[i] - fc[i - 1]) = (19.02, 0.05999999999999872)
(fc[i], fc[i] - fc[i - 1]) = (19.08, 0.05999999999999872)
(fc[i], fc[i] - fc[i - 1]) = (19.14, 0.060000000000002274)
(fc[i], fc[i] - fc[i - 1]) = (19.200000000000003, 0.060000000000002274)
(fc[i], fc[i] - fc[i - 1]) = (19.259999999999998, 0.05999999999999517)
(fc[i], fc[i] - fc[i - 1]) = (19.32, 0.060000000000002274)
(fc[i], fc[i] - fc[i - 1]) = (19.38, 0.05999999999999872)
(fc[i], fc[i] - fc[i - 1]) = (19.44, 0.060000000000002274)
(fc[i], fc[i] - fc[i - 1]) = (19.5, 0.05999999999999872)
(fc[i], fc[i] - fc[i - 1]) = (19.56, 0.05999999999999872)
(fc[i], fc[i] - fc[i - 1]) = (19.62, 0.060000000000002274)
(fc[i], fc[i] - fc[i - 1]) = (19.68, 0.05999999999999872)
(fc[i], fc[i] - fc[i - 1]) = (19.740000000000002, 0.060000000000002274)
(fc[i], fc[i] - fc[i - 1]) = (19.799999999999997, 0.05999999999999517)
(fc[i], fc[i] - fc[i - 1]) = (19.86, 0.060000000000002274)
(fc[i], fc[i] - fc[i - 1]) = (19.92, 0.060000000000002274)
(fc[i], fc[i] - fc[i - 1]) = (19.98, 0.05999999999999872)
(fc[i], fc[i] - fc[i - 1]) = (20.04, 0.05999999999999872)
(fc[i], fc[i] - fc[i - 1]) = (20.1, 0.060000000000002274)
(fc[i], fc[i] - fc[i - 1]) = (20.160000000000004, 0.060000000000002274)
(fc[i], fc[i] - fc[i - 1]) = (20.22, 0.05999999999999517)
(fc[i], fc[i] - fc[i - 1]) = (20.28, 0.060000000000002274)
(fc[i], fc[i] - fc[i - 1]) = (20.339999999999996, 0.05999999999999517)
(fc[i], fc[i] - fc[i - 1]) = (20.4, 0.060000000000002274)
(fc[i], fc[i] - fc[i - 1]) = (20.46, 0.060000000000002274)
(fc[i], fc[i] - fc[i - 1]) = (20.52, 0.05999999999999872)
(fc[i], fc[i] - fc[i - 1]) = (20.58, 0.05999999999999872)
(fc[i], fc[i] - fc[i - 1]) = (20.64, 0.060000000000002274)
(fc[i], fc[i] - fc[i - 1]) = (20.700000000000003, 0.060000000000002274)
(fc[i], fc[i] - fc[i - 1]) = (20.759999999999998, 0.05999999999999517)
(fc[i], fc[i] - fc[i - 1]) = (20.82, 0.060000000000002274)
(fc[i], fc[i] - fc[i - 1]) = (20.88, 0.05999999999999872)
(fc[i], fc[i] - fc[i - 1]) = (20.94, 0.060000000000002274)
(fc[i], fc[i] - fc[i - 1]) = (21.0, 0.05999999999999872)
(fc[i], fc[i] - fc[i - 1]) = (21.06, 0.05999999999999872)
(fc[i], fc[i] - fc[i - 1]) = (21.12, 0.060000000000002274)
(fc[i], fc[i] - fc[i - 1]) = (21.18, 0.05999999999999872)
(fc[i], fc[i] - fc[i - 1]) = (21.240000000000002, 0.060000000000002274)
(fc[i], fc[i] - fc[i - 1]) = (21.299999999999997, 0.05999999999999517)
(fc[i], fc[i] - fc[i - 1]) = (21.36, 0.060000000000002274)
(fc[i], fc[i] - fc[i - 1]) = (21.42, 0.060000000000002274)
(fc[i], fc[i] - fc[i - 1]) = (21.48, 0.05999999999999872)
(fc[i], fc[i] - fc[i - 1]) = (21.54, 0.05999999999999872)
(fc[i], fc[i] - fc[i - 1]) = (21.6, 0.060000000000002274)
(fc[i], fc[i] - fc[i - 1]) = (21.660000000000004, 0.060000000000002274)
(fc[i], fc[i] - fc[i - 1]) = (21.72, 0.05999999999999517)
(fc[i], fc[i] - fc[i - 1]) = (21.78, 0.060000000000002274)
(fc[i], fc[i] - fc[i - 1]) = (21.839999999999996, 0.05999999999999517)
(fc[i], fc[i] - fc[i - 1]) = (21.9, 0.060000000000002274)
(fc[i], fc[i] - fc[i - 1]) = (21.96, 0.060000000000002274)
(fc[i], fc[i] - fc[i - 1]) = (22.02, 0.05999999999999872)
(fc[i], fc[i] - fc[i - 1]) = (22.08, 0.05999999999999872)
(fc[i], fc[i] - fc[i - 1]) = (22.14, 0.060000000000002274)
(fc[i], fc[i] - fc[i - 1]) = (22.200000000000003, 0.060000000000002274)
(fc[i], fc[i] - fc[i - 1]) = (22.259999999999998, 0.05999999999999517)
(fc[i], fc[i] - fc[i - 1]) = (22.32, 0.060000000000002274)
(fc[i], fc[i] - fc[i - 1]) = (22.38, 0.05999999999999872)
(fc[i], fc[i] - fc[i - 1]) = (22.44, 0.060000000000002274)
(fc[i], fc[i] - fc[i - 1]) = (22.5, 0.05999999999999872)
(fc[i], fc[i] - fc[i - 1]) = (22.56, 0.05999999999999872)
(fc[i], fc[i] - fc[i - 1]) = (22.62, 0.060000000000002274)
(fc[i], fc[i] - fc[i - 1]) = (22.68, 0.05999999999999872)
(fc[i], fc[i] - fc[i - 1]) = (22.740000000000002, 0.060000000000002274)
(fc[i], fc[i] - fc[i - 1]) = (22.799999999999997, 0.05999999999999517)
(fc[i], fc[i] - fc[i - 1]) = (22.86, 0.060000000000002274)
(fc[i], fc[i] - fc[i - 1]) = (22.92, 0.060000000000002274)
(fc[i], fc[i] - fc[i - 1]) = (22.98, 0.05999999999999872)
(fc[i], fc[i] - fc[i - 1]) = (23.04, 0.05999999999999872)
(fc[i], fc[i] - fc[i - 1]) = (23.1, 0.060000000000002274)
(fc[i], fc[i] - fc[i - 1]) = (23.160000000000004, 0.060000000000002274)
(fc[i], fc[i] - fc[i - 1]) = (23.22, 0.05999999999999517)
(fc[i], fc[i] - fc[i - 1]) = (23.28, 0.060000000000002274)
(fc[i], fc[i] - fc[i - 1]) = (23.339999999999996, 0.05999999999999517)
(fc[i], fc[i] - fc[i - 1]) = (23.4, 0.060000000000002274)
(fc[i], fc[i] - fc[i - 1]) = (23.46, 0.060000000000002274)
(fc[i], fc[i] - fc[i - 1]) = (23.52, 0.05999999999999872)
(fc[i], fc[i] - fc[i - 1]) = (23.58, 0.05999999999999872)
(fc[i], fc[i] - fc[i - 1]) = (23.64, 0.060000000000002274)
(fc[i], fc[i] - fc[i - 1]) = (23.700000000000003, 0.060000000000002274)
(fc[i], fc[i] - fc[i - 1]) = (23.759999999999998, 0.05999999999999517)
(fc[i], fc[i] - fc[i - 1]) = (23.82, 0.060000000000002274)
(fc[i], fc[i] - fc[i - 1]) = (23.88, 0.05999999999999872)
(fc[i], fc[i] - fc[i - 1]) = (23.94, 0.060000000000002274)
(fc[i], fc[i] - fc[i - 1]) = (24.0, 0.05999999999999872)
set-up io
Got operators in 21.508095 seconds
Got initial conditions
Approximately 0.000029 Gib to GPU

On cycle 1
Begining Inter-seismic period...
